LogTime : 11:18:48 AM 
Module Name : Core.Models.Helper (GetSession())

Error Source : Dhvani
 
Error Message : Object reference not set to an instance of an object.
 
Error Message GetMethod FullName : get__session
 
Error Message GetFileName : Helper.cs
 
Error Message GetFileLineNumber : 18
 
 
 
======================================== 
 
LogTime : 11:18:49 AM 
Module Name : GyanAkaadamee.Controllers.UsersController (getAccessMember())

Error Source : Dhvani
 
Error Message : Object reference not set to an instance of an object.
 
Error Message GetMethod FullName : getAccessMember
 
Error Message GetFileName : UsersController.cs
 
Error Message GetFileLineNumber : 575
 
 
 
======================================== 
 
LogTime : 11:18:52 AM 
Module Name : Core.Models.Helper (GetSession())

Error Source : Dhvani
 
Error Message : Object reference not set to an instance of an object.
 
Error Message GetMethod FullName : get__session
 
Error Message GetFileName : Helper.cs
 
Error Message GetFileLineNumber : 18
 
 
 
======================================== 
 
LogTime : 11:18:52 AM 
Module Name : GyanAkaadamee.Controllers.UsersController (getAccessMember())

Error Source : Dhvani
 
Error Message : Object reference not set to an instance of an object.
 
Error Message GetMethod FullName : getAccessMember
 
Error Message GetFileName : UsersController.cs
 
Error Message GetFileLineNumber : 575
 
 
 
======================================== 
 
LogTime : 11:19:13 AM 
Module Name : Core.Models.Helper (GetSession())

Error Source : Dhvani
 
Error Message : Object reference not set to an instance of an object.
 
Error Message GetMethod FullName : get__session
 
Error Message GetFileName : Helper.cs
 
Error Message GetFileLineNumber : 18
 
 
 
======================================== 
 
LogTime : 11:19:13 AM 
Module Name : GyanAkaadamee.Controllers.UsersController (getAccessMember())

Error Source : Dhvani
 
Error Message : Object reference not set to an instance of an object.
 
Error Message GetMethod FullName : getAccessMember
 
Error Message GetFileName : UsersController.cs
 
Error Message GetFileLineNumber : 575
 
 
 
======================================== 
 
LogTime : 11:19:14 AM 
Module Name : Core.Models.Helper (GetSession())

Error Source : Dhvani
 
Error Message : Object reference not set to an instance of an object.
 
Error Message GetMethod FullName : get__session
 
Error Message GetFileName : Helper.cs
 
Error Message GetFileLineNumber : 18
 
 
 
======================================== 
 
LogTime : 11:19:14 AM 
Module Name : GyanAkaadamee.Controllers.UsersController (getAccessMember())

Error Source : Dhvani
 
Error Message : Object reference not set to an instance of an object.
 
Error Message GetMethod FullName : getAccessMember
 
Error Message GetFileName : UsersController.cs
 
Error Message GetFileLineNumber : 575
 
 
 
======================================== 
 
LogTime : 11:19:20 AM 
Module Name : Core.Models.Helper (GetSession())

Error Source : Dhvani
 
Error Message : Object reference not set to an instance of an object.
 
Error Message GetMethod FullName : get__session
 
Error Message GetFileName : Helper.cs
 
Error Message GetFileLineNumber : 18
 
 
 
======================================== 
 
LogTime : 11:19:20 AM 
Module Name : GyanAkaadamee.Controllers.UsersController (getAccessMember())

Error Source : Dhvani
 
Error Message : Object reference not set to an instance of an object.
 
Error Message GetMethod FullName : getAccessMember
 
Error Message GetFileName : UsersController.cs
 
Error Message GetFileLineNumber : 575
 
 
 
======================================== 
 
LogTime : 11:19:22 AM 
Module Name : Core.Models.Helper (GetSession())

Error Source : Dhvani
 
Error Message : Object reference not set to an instance of an object.
 
Error Message GetMethod FullName : get__session
 
Error Message GetFileName : Helper.cs
 
Error Message GetFileLineNumber : 18
 
 
 
======================================== 
 
LogTime : 11:19:22 AM 
Module Name : GyanAkaadamee.Controllers.UsersController (getAccessMember())

Error Source : Dhvani
 
Error Message : Object reference not set to an instance of an object.
 
Error Message GetMethod FullName : getAccessMember
 
Error Message GetFileName : UsersController.cs
 
Error Message GetFileLineNumber : 575
 
 
 
======================================== 
 
LogTime : 11:19:28 AM 
Module Name : Core.Models.Helper (GetSession())

Error Source : Dhvani
 
Error Message : Object reference not set to an instance of an object.
 
Error Message GetMethod FullName : get__session
 
Error Message GetFileName : Helper.cs
 
Error Message GetFileLineNumber : 18
 
 
 
======================================== 
 
LogTime : 11:19:28 AM 
Module Name : GyanAkaadamee.Controllers.UsersController (getAccessMember())

Error Source : Dhvani
 
Error Message : Object reference not set to an instance of an object.
 
Error Message GetMethod FullName : getAccessMember
 
Error Message GetFileName : UsersController.cs
 
Error Message GetFileLineNumber : 575
 
 
 
======================================== 
 
LogTime : 11:19:29 AM 
Module Name : Core.Models.Helper (GetSession())

Error Source : Dhvani
 
Error Message : Object reference not set to an instance of an object.
 
Error Message GetMethod FullName : get__session
 
Error Message GetFileName : Helper.cs
 
Error Message GetFileLineNumber : 18
 
 
 
======================================== 
 
LogTime : 11:19:29 AM 
Module Name : GyanAkaadamee.Controllers.UsersController (getAccessMember())

Error Source : Dhvani
 
Error Message : Object reference not set to an instance of an object.
 
Error Message GetMethod FullName : getAccessMember
 
Error Message GetFileName : UsersController.cs
 
Error Message GetFileLineNumber : 575
 
 
 
======================================== 
 
LogTime : 11:19:43 AM 
Module Name : Core.Models.Helper (GetSession())

Error Source : Dhvani
 
Error Message : Object reference not set to an instance of an object.
 
Error Message GetMethod FullName : get__session
 
Error Message GetFileName : Helper.cs
 
Error Message GetFileLineNumber : 18
 
 
 
======================================== 
 
LogTime : 11:19:43 AM 
Module Name : GyanAkaadamee.Controllers.UsersController (getAccessMember())

Error Source : Dhvani
 
Error Message : Object reference not set to an instance of an object.
 
Error Message GetMethod FullName : getAccessMember
 
Error Message GetFileName : UsersController.cs
 
Error Message GetFileLineNumber : 575
 
 
 
======================================== 
 
LogTime : 11:19:45 AM 
Module Name : Core.Models.Helper (GetSession())

Error Source : Dhvani
 
Error Message : Object reference not set to an instance of an object.
 
Error Message GetMethod FullName : get__session
 
Error Message GetFileName : Helper.cs
 
Error Message GetFileLineNumber : 18
 
 
 
======================================== 
 
LogTime : 11:19:45 AM 
Module Name : GyanAkaadamee.Controllers.UsersController (getAccessMember())

Error Source : Dhvani
 
Error Message : Object reference not set to an instance of an object.
 
Error Message GetMethod FullName : getAccessMember
 
Error Message GetFileName : UsersController.cs
 
Error Message GetFileLineNumber : 575
 
 
 
======================================== 
 
LogTime : 11:19:51 AM 
Module Name : Core.Models.Helper (GetSession())

Error Source : Dhvani
 
Error Message : Object reference not set to an instance of an object.
 
Error Message GetMethod FullName : get__session
 
Error Message GetFileName : Helper.cs
 
Error Message GetFileLineNumber : 18
 
 
 
======================================== 
 
LogTime : 11:19:51 AM 
Module Name : GyanAkaadamee.Controllers.UsersController (getAccessMember())

Error Source : Dhvani
 
Error Message : Object reference not set to an instance of an object.
 
Error Message GetMethod FullName : getAccessMember
 
Error Message GetFileName : UsersController.cs
 
Error Message GetFileLineNumber : 575
 
 
 
======================================== 
 
LogTime : 11:19:52 AM 
Module Name : Core.Models.Helper (GetSession())

Error Source : Dhvani
 
Error Message : Object reference not set to an instance of an object.
 
Error Message GetMethod FullName : get__session
 
Error Message GetFileName : Helper.cs
 
Error Message GetFileLineNumber : 18
 
 
 
======================================== 
 
LogTime : 11:19:52 AM 
Module Name : GyanAkaadamee.Controllers.UsersController (getAccessMember())

Error Source : Dhvani
 
Error Message : Object reference not set to an instance of an object.
 
Error Message GetMethod FullName : getAccessMember
 
Error Message GetFileName : UsersController.cs
 
Error Message GetFileLineNumber : 575
 
 
 
======================================== 
 
LogTime : 11:20:03 AM 
Module Name : Core.Models.Helper (GetSession())

Error Source : Dhvani
 
Error Message : Object reference not set to an instance of an object.
 
Error Message GetMethod FullName : get__session
 
Error Message GetFileName : Helper.cs
 
Error Message GetFileLineNumber : 18
 
 
 
======================================== 
 
LogTime : 11:20:03 AM 
Module Name : GyanAkaadamee.Controllers.UsersController (getAccessMember())

Error Source : Dhvani
 
Error Message : Object reference not set to an instance of an object.
 
Error Message GetMethod FullName : getAccessMember
 
Error Message GetFileName : UsersController.cs
 
Error Message GetFileLineNumber : 575
 
 
 
======================================== 
 
LogTime : 11:20:15 AM 
Module Name : Core.Models.Helper (GetSession())

Error Source : Dhvani
 
Error Message : Object reference not set to an instance of an object.
 
Error Message GetMethod FullName : get__session
 
Error Message GetFileName : Helper.cs
 
Error Message GetFileLineNumber : 18
 
 
 
======================================== 
 
LogTime : 11:20:15 AM 
Module Name : GyanAkaadamee.Controllers.UsersController (getAccessMember())

Error Source : Dhvani
 
Error Message : Object reference not set to an instance of an object.
 
Error Message GetMethod FullName : getAccessMember
 
Error Message GetFileName : UsersController.cs
 
Error Message GetFileLineNumber : 575
 
 
 
======================================== 
 
LogTime : 11:20:38 AM 
Module Name : Core.Models.Helper (GetSession())

Error Source : Dhvani
 
Error Message : Object reference not set to an instance of an object.
 
Error Message GetMethod FullName : get__session
 
Error Message GetFileName : Helper.cs
 
Error Message GetFileLineNumber : 18
 
 
 
======================================== 
 
LogTime : 11:20:38 AM 
Module Name : GyanAkaadamee.Controllers.UsersController (getAccessMember())

Error Source : Dhvani
 
Error Message : Object reference not set to an instance of an object.
 
Error Message GetMethod FullName : getAccessMember
 
Error Message GetFileName : UsersController.cs
 
Error Message GetFileLineNumber : 575
 
 
 
======================================== 
 
LogTime : 11:20:57 AM 
Module Name : Core.Models.Helper (GetSession())

Error Source : Dhvani
 
Error Message : Object reference not set to an instance of an object.
 
Error Message GetMethod FullName : get__session
 
Error Message GetFileName : Helper.cs
 
Error Message GetFileLineNumber : 18
 
 
 
======================================== 
 
LogTime : 11:20:57 AM 
Module Name : GyanAkaadamee.Controllers.UsersController (getAccessMember())

Error Source : Dhvani
 
Error Message : Object reference not set to an instance of an object.
 
Error Message GetMethod FullName : getAccessMember
 
Error Message GetFileName : UsersController.cs
 
Error Message GetFileLineNumber : 575
 
 
 
======================================== 
 
LogTime : 12:47:47 PM 
Module Name : Dhvani.Controllers.AddVoiceToUserController (Index)

Error Source : System.Private.CoreLib
 
Error Message : The input string '1,1' was not in a correct format.
 
Error Message GetMethod FullName : ThrowFormatException
 
Error Message GetFileName : 
 
Error Message GetFileLineNumber : 0
 
 
 
======================================== 
 
LogTime : 12:49:54 PM 
Module Name : Dhvani.Controllers.AddVoiceToUserController (Index)

Error Source : System.Private.CoreLib
 
Error Message : The input string '0,0,0,0,0,0,0,0,0,0,0,0,0,0,0,0,0,0,0,0,0,0,0,0,0,0,0,0,0,0,0,0,0,0,0,0,0,0,0,0,0,0,0,0,0,0,0,0,0,0,0,0,0,0,0,0,0,0,0,0,0,0,0,0,0,0,0,0,0,0,0,0,0,0,0,0,0,0,0,0,0,0,0,0,0,0,0,0,0,0,0,0,0,0,0,0,0,0,0,0,0,0,0,0,0,0,0,0,0,0,0,0,0,0,0,0,0,0,0,0,0,0,0,0,0,0,0,0,0,0,0,0,0,0,0,0,0,0,0,0,0,0,0,0,0,0,0,0,0,0,0,0,0,0,0,0,0,0,0,0,0,0,0,0,0,0,0,0,0,0,0,0,0,0,0,0,0,0,0,0,0,0,0,0,0,0,0,0,0,0,0,0,0,0,0,0,0,0,0,0,0,0,0,0,0,0,0,0,0,0,0,0,0,0,0,0,0,0,0,0,0,0,0,0,0,0,0,0,0,0,0,0,0,0,0,0,0,0,0,0,0,0,0,0,0,0,0,0,0,0,0,0,0,0,0,0,0,0,0,0,0,0,0,0,0,0,0,0,0,0,0,0,0,0,0,0,0,0,0,0,0,0,0,0,0,0,0,0,0,0,0,0,0,0,0,0,0,0,0,0,0,0,0,0,0,0,0,0,0,0,0,0,0,0,0,0,0,0,0,0,0,0,0,0,0,0,0,0,0,0,0,0,0,0,0,0,0,0,0,0,0,0,0,0,0,0,0,0,0,0,0,0,0,0,0,0,0,0,0,0,0,0,0,0,0,0,0,0,0,0,0,0,0,0,0,0,0,0,0,0,0,0,0,0,0,0,0,0,0,0,0,0,0,0,0,0,0,0,0,0,0,0,0,0,0,0,0,0,0,0,0,0,0,0,0,0,0,0,0,0,0,0,0,0,0,0,0,0,0,0,0,0,0,0,0,0,0,0,0,0,0,0,0,0,0,0,0,0,0,0,0,0,0,0' was not in a correct format.
 
Error Message GetMethod FullName : ThrowFormatException
 
Error Message GetFileName : 
 
Error Message GetFileLineNumber : 0
 
 
 
======================================== 
 
LogTime : 2:40:15 PM 
Module Name : Core.Models.Helper (GetSession())

Error Source : Dhvani
 
Error Message : Object reference not set to an instance of an object.
 
Error Message GetMethod FullName : get__session
 
Error Message GetFileName : Helper.cs
 
Error Message GetFileLineNumber : 18
 
 
 
======================================== 
 
LogTime : 2:40:17 PM 
Module Name : GyanAkaadamee.Controllers.UsersController (getAccessMember())

Error Source : Dhvani
 
Error Message : Object reference not set to an instance of an object.
 
Error Message GetMethod FullName : getAccessMember
 
Error Message GetFileName : UsersController.cs
 
Error Message GetFileLineNumber : 575
 
 
 
======================================== 
 
LogTime : 2:41:29 PM 
Module Name : Core.Models.Helper (GetSession())

Error Source : Dhvani
 
Error Message : Object reference not set to an instance of an object.
 
Error Message GetMethod FullName : get__session
 
Error Message GetFileName : 
 
Error Message GetFileLineNumber : 0
 
 
 
======================================== 
 
LogTime : 2:41:30 PM 
Module Name : GyanAkaadamee.Controllers.UsersController (getAccessMember())

Error Source : Dhvani
 
Error Message : Object reference not set to an instance of an object.
 
Error Message GetMethod FullName : getAccessMember
 
Error Message GetFileName : 
 
Error Message GetFileLineNumber : 0
 
 
 
======================================== 
 
LogTime : 2:42:37 PM 
Module Name : Core.Models.Helper (GetSession())

Error Source : Dhvani
 
Error Message : Object reference not set to an instance of an object.
 
Error Message GetMethod FullName : get__session
 
Error Message GetFileName : 
 
Error Message GetFileLineNumber : 0
 
 
 
======================================== 
 
LogTime : 2:42:38 PM 
Module Name : GyanAkaadamee.Controllers.UsersController (getAccessMember())

Error Source : Dhvani
 
Error Message : Object reference not set to an instance of an object.
 
Error Message GetMethod FullName : getAccessMember
 
Error Message GetFileName : 
 
Error Message GetFileLineNumber : 0
 
 
 
======================================== 
 
LogTime : 2:42:41 PM 
Module Name : Core.Models.Helper (GetSession())

Error Source : Dhvani
 
Error Message : Object reference not set to an instance of an object.
 
Error Message GetMethod FullName : get__session
 
Error Message GetFileName : 
 
Error Message GetFileLineNumber : 0
 
 
 
======================================== 
 
LogTime : 2:42:43 PM 
Module Name : GyanAkaadamee.Controllers.UsersController (getAccessMember())

Error Source : Dhvani
 
Error Message : Object reference not set to an instance of an object.
 
Error Message GetMethod FullName : getAccessMember
 
Error Message GetFileName : 
 
Error Message GetFileLineNumber : 0
 
 
 
======================================== 
 
LogTime : 3:07:15 PM 
Module Name : Core.Models.Helper (GetSession())

Error Source : Dhvani
 
Error Message : Object reference not set to an instance of an object.
 
Error Message GetMethod FullName : get__session
 
Error Message GetFileName : Helper.cs
 
Error Message GetFileLineNumber : 18
 
 
 
======================================== 
 
LogTime : 3:07:19 PM 
Module Name : GyanAkaadamee.Controllers.UsersController (getAccessMember())

Error Source : Dhvani
 
Error Message : Object reference not set to an instance of an object.
 
Error Message GetMethod FullName : getAccessMember
 
Error Message GetFileName : UsersController.cs
 
Error Message GetFileLineNumber : 575
 
 
 
======================================== 
 
LogTime : 3:07:23 PM 
Module Name : Core.Models.Helper (GetSession())

Error Source : Dhvani
 
Error Message : Object reference not set to an instance of an object.
 
Error Message GetMethod FullName : get__session
 
Error Message GetFileName : Helper.cs
 
Error Message GetFileLineNumber : 18
 
 
 
======================================== 
 
LogTime : 3:07:24 PM 
Module Name : GyanAkaadamee.Controllers.UsersController (getAccessMember())

Error Source : Dhvani
 
Error Message : Object reference not set to an instance of an object.
 
Error Message GetMethod FullName : getAccessMember
 
Error Message GetFileName : UsersController.cs
 
Error Message GetFileLineNumber : 575
 
 
 
======================================== 
 
LogTime : 3:08:14 PM 
Module Name : Core.Models.Helper (GetSession())

Error Source : Dhvani
 
Error Message : Object reference not set to an instance of an object.
 
Error Message GetMethod FullName : get__session
 
Error Message GetFileName : Helper.cs
 
Error Message GetFileLineNumber : 18
 
 
 
======================================== 
 
LogTime : 3:08:15 PM 
Module Name : GyanAkaadamee.Controllers.UsersController (getAccessMember())

Error Source : Dhvani
 
Error Message : Object reference not set to an instance of an object.
 
Error Message GetMethod FullName : getAccessMember
 
Error Message GetFileName : UsersController.cs
 
Error Message GetFileLineNumber : 575
 
 
 
======================================== 
 
LogTime : 3:08:37 PM 
Module Name : Core.Controllers.App.VoiceController ((getVoiceAsync= {"objVM":{"VoiceText":"Namrata","DisplayName":null,"Locale":"indian","ShortName":"","SpeakingStyle":"general","SpeakingSpeed":"1","Pitch":"1","UserAPIKey":"cmsssml","CallBackUrl":"https://localhost:7266/Api/User/PostApi"}}))

Error Source : System.Private.CoreLib
 
Error Message : Index was out of range. Must be non-negative and less than the size of the collection. (Parameter 'index')
 
 
 
======================================== 
 
LogTime : 3:09:48 PM 
Module Name : Core.Models.Helper (GetSession())

Error Source : Dhvani
 
Error Message : Object reference not set to an instance of an object.
 
Error Message GetMethod FullName : get__session
 
Error Message GetFileName : Helper.cs
 
Error Message GetFileLineNumber : 18
 
 
 
======================================== 
 
LogTime : 3:09:49 PM 
Module Name : GyanAkaadamee.Controllers.UsersController (getAccessMember())

Error Source : Dhvani
 
Error Message : Object reference not set to an instance of an object.
 
Error Message GetMethod FullName : getAccessMember
 
Error Message GetFileName : UsersController.cs
 
Error Message GetFileLineNumber : 575
 
 
 
======================================== 
 
LogTime : 3:09:51 PM 
Module Name : Core.Models.Helper (GetSession())

Error Source : Dhvani
 
Error Message : Object reference not set to an instance of an object.
 
Error Message GetMethod FullName : get__session
 
Error Message GetFileName : Helper.cs
 
Error Message GetFileLineNumber : 18
 
 
 
======================================== 
 
LogTime : 3:09:53 PM 
Module Name : GyanAkaadamee.Controllers.UsersController (getAccessMember())

Error Source : Dhvani
 
Error Message : Object reference not set to an instance of an object.
 
Error Message GetMethod FullName : getAccessMember
 
Error Message GetFileName : UsersController.cs
 
Error Message GetFileLineNumber : 575
 
 
 
======================================== 
 
LogTime : 3:10:18 PM 
Module Name : Core.Models.Helper (GetSession())

Error Source : Dhvani
 
Error Message : Object reference not set to an instance of an object.
 
Error Message GetMethod FullName : get__session
 
Error Message GetFileName : Helper.cs
 
Error Message GetFileLineNumber : 18
 
 
 
======================================== 
 
LogTime : 3:10:18 PM 
Module Name : GyanAkaadamee.Controllers.UsersController (getAccessMember())

Error Source : Dhvani
 
Error Message : Object reference not set to an instance of an object.
 
Error Message GetMethod FullName : getAccessMember
 
Error Message GetFileName : UsersController.cs
 
Error Message GetFileLineNumber : 575
 
 
 
======================================== 
 
LogTime : 3:10:19 PM 
Module Name : Core.Models.Helper (GetSession())

Error Source : Dhvani
 
Error Message : Object reference not set to an instance of an object.
 
Error Message GetMethod FullName : get__session
 
Error Message GetFileName : Helper.cs
 
Error Message GetFileLineNumber : 18
 
 
 
======================================== 
 
LogTime : 3:10:20 PM 
Module Name : GyanAkaadamee.Controllers.UsersController (getAccessMember())

Error Source : Dhvani
 
Error Message : Object reference not set to an instance of an object.
 
Error Message GetMethod FullName : getAccessMember
 
Error Message GetFileName : UsersController.cs
 
Error Message GetFileLineNumber : 575
 
 
 
======================================== 
 
LogTime : 3:10:25 PM 
Module Name : Core.Models.Helper (GetSession())

Error Source : Dhvani
 
Error Message : Object reference not set to an instance of an object.
 
Error Message GetMethod FullName : get__session
 
Error Message GetFileName : Helper.cs
 
Error Message GetFileLineNumber : 18
 
 
 
======================================== 
 
LogTime : 3:10:25 PM 
Module Name : GyanAkaadamee.Controllers.UsersController (getAccessMember())

Error Source : Dhvani
 
Error Message : Object reference not set to an instance of an object.
 
Error Message GetMethod FullName : getAccessMember
 
Error Message GetFileName : UsersController.cs
 
Error Message GetFileLineNumber : 575
 
 
 
======================================== 
 
LogTime : 3:10:26 PM 
Module Name : Core.Controllers.App.VoiceController ((getVoiceAsync= {"objVM":{"VoiceText":"Namratoo11111111","DisplayName":null,"Locale":"indian","ShortName":"","SpeakingStyle":"general","SpeakingSpeed":"1","Pitch":"1","UserAPIKey":"cmsssml","CallBackUrl":"https://localhost:7266/Api/User/PostApi"}}))

Error Source : System.Private.CoreLib
 
Error Message : Index was out of range. Must be non-negative and less than the size of the collection. (Parameter 'index')
 
 
 
======================================== 
 
LogTime : 3:10:29 PM 
Module Name : Core.Models.Helper (GetSession())

Error Source : Dhvani
 
Error Message : Object reference not set to an instance of an object.
 
Error Message GetMethod FullName : get__session
 
Error Message GetFileName : Helper.cs
 
Error Message GetFileLineNumber : 18
 
 
 
======================================== 
 
LogTime : 3:10:29 PM 
Module Name : GyanAkaadamee.Controllers.UsersController (getAccessMember())

Error Source : Dhvani
 
Error Message : Object reference not set to an instance of an object.
 
Error Message GetMethod FullName : getAccessMember
 
Error Message GetFileName : UsersController.cs
 
Error Message GetFileLineNumber : 575
 
 
 
======================================== 
 
LogTime : 3:10:30 PM 
Module Name : Core.Controllers.App.VoiceController ((getVoiceAsync= {"objVM":{"VoiceText":"Namratoo11111111","DisplayName":null,"Locale":"indian","ShortName":"","SpeakingStyle":"general","SpeakingSpeed":"1","Pitch":"1","UserAPIKey":"cmsssml","CallBackUrl":"https://localhost:7266/Api/User/PostApi"}}))

Error Source : System.Private.CoreLib
 
Error Message : Index was out of range. Must be non-negative and less than the size of the collection. (Parameter 'index')
 
 
 
======================================== 
 
LogTime : 3:11:07 PM 
Module Name : Core.Models.Helper (GetSession())

Error Source : Dhvani
 
Error Message : Object reference not set to an instance of an object.
 
Error Message GetMethod FullName : get__session
 
Error Message GetFileName : Helper.cs
 
Error Message GetFileLineNumber : 18
 
 
 
======================================== 
 
LogTime : 3:11:07 PM 
Module Name : GyanAkaadamee.Controllers.UsersController (getAccessMember())

Error Source : Dhvani
 
Error Message : Object reference not set to an instance of an object.
 
Error Message GetMethod FullName : getAccessMember
 
Error Message GetFileName : UsersController.cs
 
Error Message GetFileLineNumber : 575
 
 
 
======================================== 
 
LogTime : 3:11:08 PM 
Module Name : Core.Models.Helper (GetSession())

Error Source : Dhvani
 
Error Message : Object reference not set to an instance of an object.
 
Error Message GetMethod FullName : get__session
 
Error Message GetFileName : Helper.cs
 
Error Message GetFileLineNumber : 18
 
 
 
======================================== 
 
LogTime : 3:11:09 PM 
Module Name : GyanAkaadamee.Controllers.UsersController (getAccessMember())

Error Source : Dhvani
 
Error Message : Object reference not set to an instance of an object.
 
Error Message GetMethod FullName : getAccessMember
 
Error Message GetFileName : UsersController.cs
 
Error Message GetFileLineNumber : 575
 
 
 
======================================== 
 
LogTime : 3:16:37 PM 
Module Name : Core.Models.Helper (GetSession())

Error Source : Dhvani
 
Error Message : Object reference not set to an instance of an object.
 
Error Message GetMethod FullName : get__session
 
Error Message GetFileName : Helper.cs
 
Error Message GetFileLineNumber : 18
 
 
 
======================================== 
 
LogTime : 3:16:37 PM 
Module Name : GyanAkaadamee.Controllers.UsersController (getAccessMember())

Error Source : Dhvani
 
Error Message : Object reference not set to an instance of an object.
 
Error Message GetMethod FullName : getAccessMember
 
Error Message GetFileName : UsersController.cs
 
Error Message GetFileLineNumber : 575
 
 
 
======================================== 
 
LogTime : 3:16:38 PM 
Module Name : Core.Models.Helper (GetSession())

Error Source : Dhvani
 
Error Message : Object reference not set to an instance of an object.
 
Error Message GetMethod FullName : get__session
 
Error Message GetFileName : Helper.cs
 
Error Message GetFileLineNumber : 18
 
 
 
======================================== 
 
LogTime : 3:16:38 PM 
Module Name : GyanAkaadamee.Controllers.UsersController (getAccessMember())

Error Source : Dhvani
 
Error Message : Object reference not set to an instance of an object.
 
Error Message GetMethod FullName : getAccessMember
 
Error Message GetFileName : UsersController.cs
 
Error Message GetFileLineNumber : 575
 
 
 
======================================== 
 
LogTime : 3:16:47 PM 
Module Name : Core.Models.Helper (GetSession())

Error Source : Dhvani
 
Error Message : Object reference not set to an instance of an object.
 
Error Message GetMethod FullName : get__session
 
Error Message GetFileName : Helper.cs
 
Error Message GetFileLineNumber : 18
 
 
 
======================================== 
 
LogTime : 3:16:47 PM 
Module Name : GyanAkaadamee.Controllers.UsersController (getAccessMember())

Error Source : Dhvani
 
Error Message : Object reference not set to an instance of an object.
 
Error Message GetMethod FullName : getAccessMember
 
Error Message GetFileName : UsersController.cs
 
Error Message GetFileLineNumber : 575
 
 
 
======================================== 
 
LogTime : 3:16:49 PM 
Module Name : Core.Models.Helper (GetSession())

Error Source : Dhvani
 
Error Message : Object reference not set to an instance of an object.
 
Error Message GetMethod FullName : get__session
 
Error Message GetFileName : Helper.cs
 
Error Message GetFileLineNumber : 18
 
 
 
======================================== 
 
LogTime : 3:16:49 PM 
Module Name : GyanAkaadamee.Controllers.UsersController (getAccessMember())

Error Source : Dhvani
 
Error Message : Object reference not set to an instance of an object.
 
Error Message GetMethod FullName : getAccessMember
 
Error Message GetFileName : UsersController.cs
 
Error Message GetFileLineNumber : 575
 
 
 
======================================== 
 
LogTime : 3:16:59 PM 
Module Name : Core.Models.Helper (GetSession())

Error Source : Dhvani
 
Error Message : Object reference not set to an instance of an object.
 
Error Message GetMethod FullName : get__session
 
Error Message GetFileName : Helper.cs
 
Error Message GetFileLineNumber : 18
 
 
 
======================================== 
 
LogTime : 3:16:59 PM 
Module Name : GyanAkaadamee.Controllers.UsersController (getAccessMember())

Error Source : Dhvani
 
Error Message : Object reference not set to an instance of an object.
 
Error Message GetMethod FullName : getAccessMember
 
Error Message GetFileName : UsersController.cs
 
Error Message GetFileLineNumber : 575
 
 
 
======================================== 
 
LogTime : 3:17:01 PM 
Module Name : Core.Models.Helper (GetSession())

Error Source : Dhvani
 
Error Message : Object reference not set to an instance of an object.
 
Error Message GetMethod FullName : get__session
 
Error Message GetFileName : Helper.cs
 
Error Message GetFileLineNumber : 18
 
 
 
======================================== 
 
LogTime : 3:17:01 PM 
Module Name : GyanAkaadamee.Controllers.UsersController (getAccessMember())

Error Source : Dhvani
 
Error Message : Object reference not set to an instance of an object.
 
Error Message GetMethod FullName : getAccessMember
 
Error Message GetFileName : UsersController.cs
 
Error Message GetFileLineNumber : 575
 
 
 
======================================== 
 
LogTime : 3:17:07 PM 
Module Name : Core.Models.Helper (GetSession())

Error Source : Dhvani
 
Error Message : Object reference not set to an instance of an object.
 
Error Message GetMethod FullName : get__session
 
Error Message GetFileName : Helper.cs
 
Error Message GetFileLineNumber : 18
 
 
 
======================================== 
 
LogTime : 3:17:07 PM 
Module Name : GyanAkaadamee.Controllers.UsersController (getAccessMember())

Error Source : Dhvani
 
Error Message : Object reference not set to an instance of an object.
 
Error Message GetMethod FullName : getAccessMember
 
Error Message GetFileName : UsersController.cs
 
Error Message GetFileLineNumber : 575
 
 
 
======================================== 
 
LogTime : 3:17:09 PM 
Module Name : Core.Models.Helper (GetSession())

Error Source : Dhvani
 
Error Message : Object reference not set to an instance of an object.
 
Error Message GetMethod FullName : get__session
 
Error Message GetFileName : Helper.cs
 
Error Message GetFileLineNumber : 18
 
 
 
======================================== 
 
LogTime : 3:17:09 PM 
Module Name : GyanAkaadamee.Controllers.UsersController (getAccessMember())

Error Source : Dhvani
 
Error Message : Object reference not set to an instance of an object.
 
Error Message GetMethod FullName : getAccessMember
 
Error Message GetFileName : UsersController.cs
 
Error Message GetFileLineNumber : 575
 
 
 
======================================== 
 
LogTime : 3:21:04 PM 
Module Name : Core.Models.Helper (GetSession())

Error Source : Dhvani
 
Error Message : Object reference not set to an instance of an object.
 
Error Message GetMethod FullName : get__session
 
Error Message GetFileName : 
 
Error Message GetFileLineNumber : 0
 
 
 
======================================== 
 
LogTime : 3:21:04 PM 
Module Name : GyanAkaadamee.Controllers.UsersController (getAccessMember())

Error Source : Dhvani
 
Error Message : Object reference not set to an instance of an object.
 
Error Message GetMethod FullName : getAccessMember
 
Error Message GetFileName : 
 
Error Message GetFileLineNumber : 0
 
 
 
======================================== 
 
LogTime : 3:24:53 PM 
Module Name : Core.Models.Helper (GetSession())

Error Source : Dhvani
 
Error Message : Object reference not set to an instance of an object.
 
Error Message GetMethod FullName : get__session
 
Error Message GetFileName : 
 
Error Message GetFileLineNumber : 0
 
 
 
======================================== 
 
LogTime : 3:24:53 PM 
Module Name : GyanAkaadamee.Controllers.UsersController (getAccessMember())

Error Source : Dhvani
 
Error Message : Object reference not set to an instance of an object.
 
Error Message GetMethod FullName : getAccessMember
 
Error Message GetFileName : 
 
Error Message GetFileLineNumber : 0
 
 
 
======================================== 
 
LogTime : 3:25:20 PM 
Module Name : Core.Models.Helper (GetSession())

Error Source : Dhvani
 
Error Message : Object reference not set to an instance of an object.
 
Error Message GetMethod FullName : get__session
 
Error Message GetFileName : 
 
Error Message GetFileLineNumber : 0
 
 
 
======================================== 
 
LogTime : 3:25:20 PM 
Module Name : GyanAkaadamee.Controllers.UsersController (getAccessMember())

Error Source : Dhvani
 
Error Message : Object reference not set to an instance of an object.
 
Error Message GetMethod FullName : getAccessMember
 
Error Message GetFileName : 
 
Error Message GetFileLineNumber : 0
 
 
 
======================================== 
 
LogTime : 3:25:34 PM 
Module Name : Core.Models.Helper (GetSession())

Error Source : Dhvani
 
Error Message : Object reference not set to an instance of an object.
 
Error Message GetMethod FullName : get__session
 
Error Message GetFileName : 
 
Error Message GetFileLineNumber : 0
 
 
 
======================================== 
 
LogTime : 3:25:34 PM 
Module Name : GyanAkaadamee.Controllers.UsersController (getAccessMember())

Error Source : Dhvani
 
Error Message : Object reference not set to an instance of an object.
 
Error Message GetMethod FullName : getAccessMember
 
Error Message GetFileName : 
 
Error Message GetFileLineNumber : 0
 
 
 
======================================== 
 
LogTime : 3:25:49 PM 
Module Name : Core.Models.Helper (GetSession())

Error Source : Dhvani
 
Error Message : Object reference not set to an instance of an object.
 
Error Message GetMethod FullName : get__session
 
Error Message GetFileName : 
 
Error Message GetFileLineNumber : 0
 
 
 
======================================== 
 
LogTime : 3:25:49 PM 
Module Name : GyanAkaadamee.Controllers.UsersController (getAccessMember())

Error Source : Dhvani
 
Error Message : Object reference not set to an instance of an object.
 
Error Message GetMethod FullName : getAccessMember
 
Error Message GetFileName : 
 
Error Message GetFileLineNumber : 0
 
 
 
======================================== 
 
LogTime : 3:26:22 PM 
Module Name : Core.Models.Helper (GetSession())

Error Source : Dhvani
 
Error Message : Object reference not set to an instance of an object.
 
Error Message GetMethod FullName : get__session
 
Error Message GetFileName : 
 
Error Message GetFileLineNumber : 0
 
 
 
======================================== 
 
LogTime : 3:26:22 PM 
Module Name : GyanAkaadamee.Controllers.UsersController (getAccessMember())

Error Source : Dhvani
 
Error Message : Object reference not set to an instance of an object.
 
Error Message GetMethod FullName : getAccessMember
 
Error Message GetFileName : 
 
Error Message GetFileLineNumber : 0
 
 
 
======================================== 
 
LogTime : 3:48:16 PM 
Module Name : Core.Models.Helper (GetSession())

Error Source : Dhvani
 
Error Message : Object reference not set to an instance of an object.
 
Error Message GetMethod FullName : get__session
 
Error Message GetFileName : 
 
Error Message GetFileLineNumber : 0
 
 
 
======================================== 
 
LogTime : 3:48:16 PM 
Module Name : GyanAkaadamee.Controllers.UsersController (getAccessMember())

Error Source : Dhvani
 
Error Message : Object reference not set to an instance of an object.
 
Error Message GetMethod FullName : getAccessMember
 
Error Message GetFileName : 
 
Error Message GetFileLineNumber : 0
 
 
 
======================================== 
 
LogTime : 3:48:29 PM 
Module Name : Core.Models.Helper (GetSession())

Error Source : Dhvani
 
Error Message : Object reference not set to an instance of an object.
 
Error Message GetMethod FullName : get__session
 
Error Message GetFileName : 
 
Error Message GetFileLineNumber : 0
 
 
 
======================================== 
 
LogTime : 3:48:29 PM 
Module Name : GyanAkaadamee.Controllers.UsersController (getAccessMember())

Error Source : Dhvani
 
Error Message : Object reference not set to an instance of an object.
 
Error Message GetMethod FullName : getAccessMember
 
Error Message GetFileName : 
 
Error Message GetFileLineNumber : 0
 
 
 
======================================== 
 
LogTime : 3:48:34 PM 
Module Name : Core.Models.Helper (GetSession())

Error Source : Dhvani
 
Error Message : Object reference not set to an instance of an object.
 
Error Message GetMethod FullName : get__session
 
Error Message GetFileName : 
 
Error Message GetFileLineNumber : 0
 
 
 
======================================== 
 
LogTime : 3:48:35 PM 
Module Name : GyanAkaadamee.Controllers.UsersController (getAccessMember())

Error Source : Dhvani
 
Error Message : Object reference not set to an instance of an object.
 
Error Message GetMethod FullName : getAccessMember
 
Error Message GetFileName : 
 
Error Message GetFileLineNumber : 0
 
 
 
======================================== 
 
LogTime : 3:48:36 PM 
Module Name : Core.Models.Helper (GetSession())

Error Source : Dhvani
 
Error Message : Object reference not set to an instance of an object.
 
Error Message GetMethod FullName : get__session
 
Error Message GetFileName : 
 
Error Message GetFileLineNumber : 0
 
 
 
======================================== 
 
LogTime : 3:48:36 PM 
Module Name : GyanAkaadamee.Controllers.UsersController (getAccessMember())

Error Source : Dhvani
 
Error Message : Object reference not set to an instance of an object.
 
Error Message GetMethod FullName : getAccessMember
 
Error Message GetFileName : 
 
Error Message GetFileLineNumber : 0
 
 
 
======================================== 
 
LogTime : 3:48:44 PM 
Module Name : Core.Models.Helper (GetSession())

Error Source : Dhvani
 
Error Message : Object reference not set to an instance of an object.
 
Error Message GetMethod FullName : get__session
 
Error Message GetFileName : 
 
Error Message GetFileLineNumber : 0
 
 
 
======================================== 
 
LogTime : 3:48:44 PM 
Module Name : GyanAkaadamee.Controllers.UsersController (getAccessMember())

Error Source : Dhvani
 
Error Message : Object reference not set to an instance of an object.
 
Error Message GetMethod FullName : getAccessMember
 
Error Message GetFileName : 
 
Error Message GetFileLineNumber : 0
 
 
 
======================================== 
 
LogTime : 3:48:45 PM 
Module Name : Core.Models.Helper (GetSession())

Error Source : Dhvani
 
Error Message : Object reference not set to an instance of an object.
 
Error Message GetMethod FullName : get__session
 
Error Message GetFileName : 
 
Error Message GetFileLineNumber : 0
 
 
 
======================================== 
 
LogTime : 3:48:45 PM 
Module Name : GyanAkaadamee.Controllers.UsersController (getAccessMember())

Error Source : Dhvani
 
Error Message : Object reference not set to an instance of an object.
 
Error Message GetMethod FullName : getAccessMember
 
Error Message GetFileName : 
 
Error Message GetFileLineNumber : 0
 
 
 
======================================== 
 
LogTime : 3:54:11 PM 
Module Name : Core.Models.Helper (GetSession())

Error Source : Dhvani
 
Error Message : Object reference not set to an instance of an object.
 
Error Message GetMethod FullName : get__session
 
Error Message GetFileName : Helper.cs
 
Error Message GetFileLineNumber : 18
 
 
 
======================================== 
 
LogTime : 3:54:11 PM 
Module Name : GyanAkaadamee.Controllers.UsersController (getAccessMember())

Error Source : Dhvani
 
Error Message : Object reference not set to an instance of an object.
 
Error Message GetMethod FullName : getAccessMember
 
Error Message GetFileName : UsersController.cs
 
Error Message GetFileLineNumber : 575
 
 
 
======================================== 
 
LogTime : 3:54:13 PM 
Module Name : Core.Models.Helper (GetSession())

Error Source : Dhvani
 
Error Message : Object reference not set to an instance of an object.
 
Error Message GetMethod FullName : get__session
 
Error Message GetFileName : Helper.cs
 
Error Message GetFileLineNumber : 18
 
 
 
======================================== 
 
LogTime : 3:54:13 PM 
Module Name : GyanAkaadamee.Controllers.UsersController (getAccessMember())

Error Source : Dhvani
 
Error Message : Object reference not set to an instance of an object.
 
Error Message GetMethod FullName : getAccessMember
 
Error Message GetFileName : UsersController.cs
 
Error Message GetFileLineNumber : 575
 
 
 
======================================== 
 
LogTime : 3:54:47 PM 
Module Name : Core.Models.Helper (GetSession())

Error Source : Dhvani
 
Error Message : Object reference not set to an instance of an object.
 
Error Message GetMethod FullName : get__session
 
Error Message GetFileName : Helper.cs
 
Error Message GetFileLineNumber : 18
 
 
 
======================================== 
 
LogTime : 3:54:47 PM 
Module Name : GyanAkaadamee.Controllers.UsersController (getAccessMember())

Error Source : Dhvani
 
Error Message : Object reference not set to an instance of an object.
 
Error Message GetMethod FullName : getAccessMember
 
Error Message GetFileName : UsersController.cs
 
Error Message GetFileLineNumber : 575
 
 
 
======================================== 
 
LogTime : 3:54:49 PM 
Module Name : Core.Models.Helper (GetSession())

Error Source : Dhvani
 
Error Message : Object reference not set to an instance of an object.
 
Error Message GetMethod FullName : get__session
 
Error Message GetFileName : Helper.cs
 
Error Message GetFileLineNumber : 18
 
 
 
======================================== 
 
LogTime : 3:54:49 PM 
Module Name : GyanAkaadamee.Controllers.UsersController (getAccessMember())

Error Source : Dhvani
 
Error Message : Object reference not set to an instance of an object.
 
Error Message GetMethod FullName : getAccessMember
 
Error Message GetFileName : UsersController.cs
 
Error Message GetFileLineNumber : 575
 
 
 
======================================== 
 
LogTime : 3:55:03 PM 
Module Name : Core.Models.Helper (GetSession())

Error Source : Dhvani
 
Error Message : Object reference not set to an instance of an object.
 
Error Message GetMethod FullName : get__session
 
Error Message GetFileName : Helper.cs
 
Error Message GetFileLineNumber : 18
 
 
 
======================================== 
 
LogTime : 3:55:03 PM 
Module Name : GyanAkaadamee.Controllers.UsersController (getAccessMember())

Error Source : Dhvani
 
Error Message : Object reference not set to an instance of an object.
 
Error Message GetMethod FullName : getAccessMember
 
Error Message GetFileName : UsersController.cs
 
Error Message GetFileLineNumber : 575
 
 
 
======================================== 
 
LogTime : 3:55:04 PM 
Module Name : Core.Models.Helper (GetSession())

Error Source : Dhvani
 
Error Message : Object reference not set to an instance of an object.
 
Error Message GetMethod FullName : get__session
 
Error Message GetFileName : Helper.cs
 
Error Message GetFileLineNumber : 18
 
 
 
======================================== 
 
LogTime : 3:55:04 PM 
Module Name : GyanAkaadamee.Controllers.UsersController (getAccessMember())

Error Source : Dhvani
 
Error Message : Object reference not set to an instance of an object.
 
Error Message GetMethod FullName : getAccessMember
 
Error Message GetFileName : UsersController.cs
 
Error Message GetFileLineNumber : 575
 
 
 
======================================== 
 
LogTime : 3:55:19 PM 
Module Name : Core.Models.Helper (GetSession())

Error Source : Dhvani
 
Error Message : Object reference not set to an instance of an object.
 
Error Message GetMethod FullName : get__session
 
Error Message GetFileName : Helper.cs
 
Error Message GetFileLineNumber : 18
 
 
 
======================================== 
 
LogTime : 3:55:19 PM 
Module Name : GyanAkaadamee.Controllers.UsersController (getAccessMember())

Error Source : Dhvani
 
Error Message : Object reference not set to an instance of an object.
 
Error Message GetMethod FullName : getAccessMember
 
Error Message GetFileName : UsersController.cs
 
Error Message GetFileLineNumber : 575
 
 
 
======================================== 
 
LogTime : 3:55:20 PM 
Module Name : Core.Models.Helper (GetSession())

Error Source : Dhvani
 
Error Message : Object reference not set to an instance of an object.
 
Error Message GetMethod FullName : get__session
 
Error Message GetFileName : Helper.cs
 
Error Message GetFileLineNumber : 18
 
 
 
======================================== 
 
LogTime : 3:55:20 PM 
Module Name : GyanAkaadamee.Controllers.UsersController (getAccessMember())

Error Source : Dhvani
 
Error Message : Object reference not set to an instance of an object.
 
Error Message GetMethod FullName : getAccessMember
 
Error Message GetFileName : UsersController.cs
 
Error Message GetFileLineNumber : 575
 
 
 
======================================== 
 
LogTime : 3:55:38 PM 
Module Name : Dhvani.Controllers.PronunciationController (Index)

Error Source : Dhvani
 
Error Message : Index was outside the bounds of the array.
 
Error Message GetMethod FullName : PronunciationSave
 
Error Message GetFileName : PronunciationController.cs
 
Error Message GetFileLineNumber : 153
 
 
 
======================================== 
 
LogTime : 3:56:35 PM 
Module Name : Dhvani.Controllers.PronunciationController (Index)

Error Source : Dhvani
 
Error Message : Index was outside the bounds of the array.
 
Error Message GetMethod FullName : PronunciationSave
 
Error Message GetFileName : PronunciationController.cs
 
Error Message GetFileLineNumber : 153
 
 
 
======================================== 
 
LogTime : 3:57:38 PM 
Module Name : Dhvani.Controllers.PronunciationController (Index)

Error Source : Dhvani
 
Error Message : Index was outside the bounds of the array.
 
Error Message GetMethod FullName : PronunciationSave
 
Error Message GetFileName : PronunciationController.cs
 
Error Message GetFileLineNumber : 153
 
 
 
======================================== 
 
LogTime : 3:58:34 PM 
Module Name : Dhvani.Controllers.PronunciationController (Index)

Error Source : Dhvani
 
Error Message : Index was outside the bounds of the array.
 
Error Message GetMethod FullName : PronunciationSave
 
Error Message GetFileName : PronunciationController.cs
 
Error Message GetFileLineNumber : 153
 
 
 
======================================== 
 
LogTime : 4:00:14 PM 
Module Name : Dhvani.Controllers.PronunciationController (Index)

Error Source : Dhvani
 
Error Message : Index was outside the bounds of the array.
 
Error Message GetMethod FullName : PronunciationSave
 
Error Message GetFileName : PronunciationController.cs
 
Error Message GetFileLineNumber : 153
 
 
 
======================================== 
 
LogTime : 4:17:50 PM 
Module Name : Core.Models.Helper (GetSession())

Error Source : Dhvani
 
Error Message : Object reference not set to an instance of an object.
 
Error Message GetMethod FullName : get__session
 
Error Message GetFileName : Helper.cs
 
Error Message GetFileLineNumber : 18
 
 
 
======================================== 
 
LogTime : 4:17:50 PM 
Module Name : GyanAkaadamee.Controllers.UsersController (getAccessMember())

Error Source : Dhvani
 
Error Message : Object reference not set to an instance of an object.
 
Error Message GetMethod FullName : getAccessMember
 
Error Message GetFileName : UsersController.cs
 
Error Message GetFileLineNumber : 575
 
 
 
======================================== 
 
LogTime : 4:17:52 PM 
Module Name : Core.Models.Helper (GetSession())

Error Source : Dhvani
 
Error Message : Object reference not set to an instance of an object.
 
Error Message GetMethod FullName : get__session
 
Error Message GetFileName : Helper.cs
 
Error Message GetFileLineNumber : 18
 
 
 
======================================== 
 
LogTime : 4:17:52 PM 
Module Name : GyanAkaadamee.Controllers.UsersController (getAccessMember())

Error Source : Dhvani
 
Error Message : Object reference not set to an instance of an object.
 
Error Message GetMethod FullName : getAccessMember
 
Error Message GetFileName : UsersController.cs
 
Error Message GetFileLineNumber : 575
 
 
 
======================================== 
 
LogTime : 4:17:59 PM 
Module Name : Core.Models.Helper (GetSession())

Error Source : Dhvani
 
Error Message : Object reference not set to an instance of an object.
 
Error Message GetMethod FullName : get__session
 
Error Message GetFileName : Helper.cs
 
Error Message GetFileLineNumber : 18
 
 
 
======================================== 
 
LogTime : 4:17:59 PM 
Module Name : GyanAkaadamee.Controllers.UsersController (getAccessMember())

Error Source : Dhvani
 
Error Message : Object reference not set to an instance of an object.
 
Error Message GetMethod FullName : getAccessMember
 
Error Message GetFileName : UsersController.cs
 
Error Message GetFileLineNumber : 575
 
 
 
======================================== 
 
LogTime : 4:18:01 PM 
Module Name : Core.Models.Helper (GetSession())

Error Source : Dhvani
 
Error Message : Object reference not set to an instance of an object.
 
Error Message GetMethod FullName : get__session
 
Error Message GetFileName : Helper.cs
 
Error Message GetFileLineNumber : 18
 
 
 
======================================== 
 
LogTime : 4:18:01 PM 
Module Name : GyanAkaadamee.Controllers.UsersController (getAccessMember())

Error Source : Dhvani
 
Error Message : Object reference not set to an instance of an object.
 
Error Message GetMethod FullName : getAccessMember
 
Error Message GetFileName : UsersController.cs
 
Error Message GetFileLineNumber : 575
 
 
 
======================================== 
 
LogTime : 6:01:10 PM 
Module Name : Core.Models.Helper (GetSession())

Error Source : Dhvani
 
Error Message : Object reference not set to an instance of an object.
 
Error Message GetMethod FullName : get__session
 
Error Message GetFileName : Helper.cs
 
Error Message GetFileLineNumber : 18
 
 
 
======================================== 
 
LogTime : 6:01:10 PM 
Module Name : GyanAkaadamee.Controllers.UsersController (getAccessMember())

Error Source : Dhvani
 
Error Message : Object reference not set to an instance of an object.
 
Error Message GetMethod FullName : getAccessMember
 
Error Message GetFileName : UsersController.cs
 
Error Message GetFileLineNumber : 575
 
 
 
======================================== 
 
LogTime : 6:01:21 PM 
Module Name : Core.Models.Helper (GetSession())

Error Source : Dhvani
 
Error Message : Object reference not set to an instance of an object.
 
Error Message GetMethod FullName : get__session
 
Error Message GetFileName : Helper.cs
 
Error Message GetFileLineNumber : 18
 
 
 
======================================== 
 
LogTime : 6:01:21 PM 
Module Name : GyanAkaadamee.Controllers.UsersController (getAccessMember())

Error Source : Dhvani
 
Error Message : Object reference not set to an instance of an object.
 
Error Message GetMethod FullName : getAccessMember
 
Error Message GetFileName : UsersController.cs
 
Error Message GetFileLineNumber : 575
 
 
 
======================================== 
 
LogTime : 7:06:14 PM 
Module Name : Core.Models.Helper (GetSession())

Error Source : Dhvani
 
Error Message : Object reference not set to an instance of an object.
 
Error Message GetMethod FullName : get__session
 
Error Message GetFileName : 
 
Error Message GetFileLineNumber : 0
 
 
 
======================================== 
 
LogTime : 7:06:14 PM 
Module Name : GyanAkaadamee.Controllers.UsersController (getAccessMember())

Error Source : Dhvani
 
Error Message : Object reference not set to an instance of an object.
 
Error Message GetMethod FullName : getAccessMember
 
Error Message GetFileName : 
 
Error Message GetFileLineNumber : 0
 
 
 
======================================== 
 
LogTime : 7:06:23 PM 
Module Name : Core.Models.Helper (GetSession())

Error Source : Dhvani
 
Error Message : Object reference not set to an instance of an object.
 
Error Message GetMethod FullName : get__session
 
Error Message GetFileName : 
 
Error Message GetFileLineNumber : 0
 
 
 
======================================== 
 
LogTime : 7:06:23 PM 
Module Name : GyanAkaadamee.Controllers.UsersController (getAccessMember())

Error Source : Dhvani
 
Error Message : Object reference not set to an instance of an object.
 
Error Message GetMethod FullName : getAccessMember
 
Error Message GetFileName : 
 
Error Message GetFileLineNumber : 0
 
 
 
======================================== 
 
LogTime : 7:08:38 PM 
Module Name : Core.Models.Helper (GetSession())

Error Source : Dhvani
 
Error Message : Object reference not set to an instance of an object.
 
Error Message GetMethod FullName : get__session
 
Error Message GetFileName : 
 
Error Message GetFileLineNumber : 0
 
 
 
======================================== 
 
LogTime : 7:08:38 PM 
Module Name : GyanAkaadamee.Controllers.UsersController (getAccessMember())

Error Source : Dhvani
 
Error Message : Object reference not set to an instance of an object.
 
Error Message GetMethod FullName : getAccessMember
 
Error Message GetFileName : 
 
Error Message GetFileLineNumber : 0
 
 
 
======================================== 
 
LogTime : 7:10:46 PM 
Module Name : Core.Models.Helper (GetSession())

Error Source : Dhvani
 
Error Message : Object reference not set to an instance of an object.
 
Error Message GetMethod FullName : get__session
 
Error Message GetFileName : 
 
Error Message GetFileLineNumber : 0
 
 
 
======================================== 
 
LogTime : 7:10:46 PM 
Module Name : GyanAkaadamee.Controllers.UsersController (getAccessMember())

Error Source : Dhvani
 
Error Message : Object reference not set to an instance of an object.
 
Error Message GetMethod FullName : getAccessMember
 
Error Message GetFileName : 
 
Error Message GetFileLineNumber : 0
 
 
 
======================================== 
 
LogTime : 7:33:14 PM 
Module Name : Core.Models.Helper (GetSession())

Error Source : Dhvani
 
Error Message : Object reference not set to an instance of an object.
 
Error Message GetMethod FullName : get__session
 
Error Message GetFileName : Helper.cs
 
Error Message GetFileLineNumber : 18
 
 
 
======================================== 
 
LogTime : 7:33:14 PM 
Module Name : GyanAkaadamee.Controllers.UsersController (getAccessMember())

Error Source : Dhvani
 
Error Message : Object reference not set to an instance of an object.
 
Error Message GetMethod FullName : getAccessMember
 
Error Message GetFileName : UsersController.cs
 
Error Message GetFileLineNumber : 575
 
 
 
======================================== 
 
LogTime : 7:33:16 PM 
Module Name : Core.Models.Helper (GetSession())

Error Source : Dhvani
 
Error Message : Object reference not set to an instance of an object.
 
Error Message GetMethod FullName : get__session
 
Error Message GetFileName : Helper.cs
 
Error Message GetFileLineNumber : 18
 
 
 
======================================== 
 
LogTime : 7:33:16 PM 
Module Name : GyanAkaadamee.Controllers.UsersController (getAccessMember())

Error Source : Dhvani
 
Error Message : Object reference not set to an instance of an object.
 
Error Message GetMethod FullName : getAccessMember
 
Error Message GetFileName : UsersController.cs
 
Error Message GetFileLineNumber : 575
 
 
 
======================================== 
 
LogTime : 7:33:37 PM 
Module Name : Core.Models.Helper (GetSession())

Error Source : Dhvani
 
Error Message : Object reference not set to an instance of an object.
 
Error Message GetMethod FullName : get__session
 
Error Message GetFileName : Helper.cs
 
Error Message GetFileLineNumber : 18
 
 
 
======================================== 
 
LogTime : 7:33:37 PM 
Module Name : GyanAkaadamee.Controllers.UsersController (getAccessMember())

Error Source : Dhvani
 
Error Message : Object reference not set to an instance of an object.
 
Error Message GetMethod FullName : getAccessMember
 
Error Message GetFileName : UsersController.cs
 
Error Message GetFileLineNumber : 575
 
 
 
======================================== 
 
LogTime : 7:33:39 PM 
Module Name : Core.Models.Helper (GetSession())

Error Source : Dhvani
 
Error Message : Object reference not set to an instance of an object.
 
Error Message GetMethod FullName : get__session
 
Error Message GetFileName : Helper.cs
 
Error Message GetFileLineNumber : 18
 
 
 
======================================== 
 
LogTime : 7:33:39 PM 
Module Name : GyanAkaadamee.Controllers.UsersController (getAccessMember())

Error Source : Dhvani
 
Error Message : Object reference not set to an instance of an object.
 
Error Message GetMethod FullName : getAccessMember
 
Error Message GetFileName : UsersController.cs
 
Error Message GetFileLineNumber : 575
 
 
 
======================================== 
 
LogTime : 7:33:46 PM 
Module Name : Core.Models.Helper (GetSession())

Error Source : Dhvani
 
Error Message : Object reference not set to an instance of an object.
 
Error Message GetMethod FullName : get__session
 
Error Message GetFileName : Helper.cs
 
Error Message GetFileLineNumber : 18
 
 
 
======================================== 
 
LogTime : 7:33:46 PM 
Module Name : GyanAkaadamee.Controllers.UsersController (getAccessMember())

Error Source : Dhvani
 
Error Message : Object reference not set to an instance of an object.
 
Error Message GetMethod FullName : getAccessMember
 
Error Message GetFileName : UsersController.cs
 
Error Message GetFileLineNumber : 575
 
 
 
======================================== 
 
LogTime : 7:33:47 PM 
Module Name : Core.Models.Helper (GetSession())

Error Source : Dhvani
 
Error Message : Object reference not set to an instance of an object.
 
Error Message GetMethod FullName : get__session
 
Error Message GetFileName : Helper.cs
 
Error Message GetFileLineNumber : 18
 
 
 
======================================== 
 
LogTime : 7:33:47 PM 
Module Name : GyanAkaadamee.Controllers.UsersController (getAccessMember())

Error Source : Dhvani
 
Error Message : Object reference not set to an instance of an object.
 
Error Message GetMethod FullName : getAccessMember
 
Error Message GetFileName : UsersController.cs
 
Error Message GetFileLineNumber : 575
 
 
 
======================================== 
 
LogTime : 7:35:09 PM 
Module Name : Core.Models.Helper (GetSession())

Error Source : Dhvani
 
Error Message : Object reference not set to an instance of an object.
 
Error Message GetMethod FullName : get__session
 
Error Message GetFileName : Helper.cs
 
Error Message GetFileLineNumber : 18
 
 
 
======================================== 
 
LogTime : 7:35:09 PM 
Module Name : GyanAkaadamee.Controllers.UsersController (getAccessMember())

Error Source : Dhvani
 
Error Message : Object reference not set to an instance of an object.
 
Error Message GetMethod FullName : getAccessMember
 
Error Message GetFileName : UsersController.cs
 
Error Message GetFileLineNumber : 575
 
 
 
======================================== 
 
LogTime : 7:35:10 PM 
Module Name : Core.Models.Helper (GetSession())

Error Source : Dhvani
 
Error Message : Object reference not set to an instance of an object.
 
Error Message GetMethod FullName : get__session
 
Error Message GetFileName : Helper.cs
 
Error Message GetFileLineNumber : 18
 
 
 
======================================== 
 
LogTime : 7:35:10 PM 
Module Name : GyanAkaadamee.Controllers.UsersController (getAccessMember())

Error Source : Dhvani
 
Error Message : Object reference not set to an instance of an object.
 
Error Message GetMethod FullName : getAccessMember
 
Error Message GetFileName : UsersController.cs
 
Error Message GetFileLineNumber : 575
 
 
 
======================================== 
 
LogTime : 7:35:16 PM 
Module Name : Core.Models.Helper (GetSession())

Error Source : Dhvani
 
Error Message : Object reference not set to an instance of an object.
 
Error Message GetMethod FullName : get__session
 
Error Message GetFileName : Helper.cs
 
Error Message GetFileLineNumber : 18
 
 
 
======================================== 
 
LogTime : 7:35:16 PM 
Module Name : GyanAkaadamee.Controllers.UsersController (getAccessMember())

Error Source : Dhvani
 
Error Message : Object reference not set to an instance of an object.
 
Error Message GetMethod FullName : getAccessMember
 
Error Message GetFileName : UsersController.cs
 
Error Message GetFileLineNumber : 575
 
 
 
======================================== 
 
LogTime : 7:35:17 PM 
Module Name : Core.Models.Helper (GetSession())

Error Source : Dhvani
 
Error Message : Object reference not set to an instance of an object.
 
Error Message GetMethod FullName : get__session
 
Error Message GetFileName : Helper.cs
 
Error Message GetFileLineNumber : 18
 
 
 
======================================== 
 
LogTime : 7:35:17 PM 
Module Name : GyanAkaadamee.Controllers.UsersController (getAccessMember())

Error Source : Dhvani
 
Error Message : Object reference not set to an instance of an object.
 
Error Message GetMethod FullName : getAccessMember
 
Error Message GetFileName : UsersController.cs
 
Error Message GetFileLineNumber : 575
 
 
 
======================================== 
 
