LogTime : 3:50:38 PM 
Module Name : Core.Models.Helper (GetSession())

Error Source : Dhvani
 
Error Message : Object reference not set to an instance of an object.
 
Error Message GetMethod FullName : get__session
 
Error Message GetFileName : Helper.cs
 
Error Message GetFileLineNumber : 18
 
 
 
======================================== 
 
LogTime : 3:50:41 PM 
Module Name : GyanAkaadamee.Controllers.UsersController (getAccessMember())

Error Source : Dhvani
 
Error Message : Object reference not set to an instance of an object.
 
Error Message GetMethod FullName : getAccessMember
 
Error Message GetFileName : UsersController.cs
 
Error Message GetFileLineNumber : 575
 
 
 
======================================== 
 
LogTime : 3:51:35 PM 
Module Name : Core.Models.Helper (GetSession())

Error Source : Dhvani
 
Error Message : Object reference not set to an instance of an object.
 
Error Message GetMethod FullName : get__session
 
Error Message GetFileName : Helper.cs
 
Error Message GetFileLineNumber : 18
 
 
 
======================================== 
 
LogTime : 3:51:35 PM 
Module Name : GyanAkaadamee.Controllers.UsersController (getAccessMember())

Error Source : Dhvani
 
Error Message : Object reference not set to an instance of an object.
 
Error Message GetMethod FullName : getAccessMember
 
Error Message GetFileName : UsersController.cs
 
Error Message GetFileLineNumber : 575
 
 
 
======================================== 
 
LogTime : 3:52:10 PM 
Module Name : Core.Models.Helper (GetSession())

Error Source : Dhvani
 
Error Message : Object reference not set to an instance of an object.
 
Error Message GetMethod FullName : get__session
 
Error Message GetFileName : Helper.cs
 
Error Message GetFileLineNumber : 18
 
 
 
======================================== 
 
LogTime : 3:52:10 PM 
Module Name : GyanAkaadamee.Controllers.UsersController (getAccessMember())

Error Source : Dhvani
 
Error Message : Object reference not set to an instance of an object.
 
Error Message GetMethod FullName : getAccessMember
 
Error Message GetFileName : UsersController.cs
 
Error Message GetFileLineNumber : 575
 
 
 
======================================== 
 
LogTime : 3:53:20 PM 
Module Name : Core.Models.Helper (GetSession())

Error Source : Dhvani
 
Error Message : Object reference not set to an instance of an object.
 
Error Message GetMethod FullName : get__session
 
Error Message GetFileName : Helper.cs
 
Error Message GetFileLineNumber : 18
 
 
 
======================================== 
 
LogTime : 3:53:20 PM 
Module Name : GyanAkaadamee.Controllers.UsersController (getAccessMember())

Error Source : Dhvani
 
Error Message : Object reference not set to an instance of an object.
 
Error Message GetMethod FullName : getAccessMember
 
Error Message GetFileName : UsersController.cs
 
Error Message GetFileLineNumber : 575
 
 
 
======================================== 
 
LogTime : 3:53:42 PM 
Module Name : Core.Models.Helper (GetSession())

Error Source : Dhvani
 
Error Message : Object reference not set to an instance of an object.
 
Error Message GetMethod FullName : get__session
 
Error Message GetFileName : Helper.cs
 
Error Message GetFileLineNumber : 18
 
 
 
======================================== 
 
LogTime : 3:53:42 PM 
Module Name : GyanAkaadamee.Controllers.UsersController (getAccessMember())

Error Source : Dhvani
 
Error Message : Object reference not set to an instance of an object.
 
Error Message GetMethod FullName : getAccessMember
 
Error Message GetFileName : UsersController.cs
 
Error Message GetFileLineNumber : 575
 
 
 
======================================== 
 
LogTime : 3:54:05 PM 
Module Name : Core.Models.Helper (GetSession())

Error Source : Dhvani
 
Error Message : Object reference not set to an instance of an object.
 
Error Message GetMethod FullName : get__session
 
Error Message GetFileName : Helper.cs
 
Error Message GetFileLineNumber : 18
 
 
 
======================================== 
 
LogTime : 3:54:05 PM 
Module Name : GyanAkaadamee.Controllers.UsersController (getAccessMember())

Error Source : Dhvani
 
Error Message : Object reference not set to an instance of an object.
 
Error Message GetMethod FullName : getAccessMember
 
Error Message GetFileName : UsersController.cs
 
Error Message GetFileLineNumber : 575
 
 
 
======================================== 
 
LogTime : 3:54:36 PM 
Module Name : Core.Models.Helper (GetSession())

Error Source : Dhvani
 
Error Message : Object reference not set to an instance of an object.
 
Error Message GetMethod FullName : get__session
 
Error Message GetFileName : Helper.cs
 
Error Message GetFileLineNumber : 18
 
 
 
======================================== 
 
LogTime : 3:54:36 PM 
Module Name : GyanAkaadamee.Controllers.UsersController (getAccessMember())

Error Source : Dhvani
 
Error Message : Object reference not set to an instance of an object.
 
Error Message GetMethod FullName : getAccessMember
 
Error Message GetFileName : UsersController.cs
 
Error Message GetFileLineNumber : 575
 
 
 
======================================== 
 
LogTime : 7:17:35 PM 
Module Name : Core.Models.Helper (GetSession())

Error Source : Dhvani
 
Error Message : Object reference not set to an instance of an object.
 
Error Message GetMethod FullName : get__session
 
Error Message GetFileName : Helper.cs
 
Error Message GetFileLineNumber : 18
 
 
 
======================================== 
 
LogTime : 7:17:35 PM 
Module Name : GyanAkaadamee.Controllers.UsersController (getAccessMember())

Error Source : Dhvani
 
Error Message : Object reference not set to an instance of an object.
 
Error Message GetMethod FullName : getAccessMember
 
Error Message GetFileName : UsersController.cs
 
Error Message GetFileLineNumber : 575
 
 
 
======================================== 
 
LogTime : 7:17:51 PM 
Module Name : Core.Models.Helper (GetSession())

Error Source : Dhvani
 
Error Message : Object reference not set to an instance of an object.
 
Error Message GetMethod FullName : get__session
 
Error Message GetFileName : Helper.cs
 
Error Message GetFileLineNumber : 18
 
 
 
======================================== 
 
LogTime : 7:17:51 PM 
Module Name : GyanAkaadamee.Controllers.UsersController (getAccessMember())

Error Source : Dhvani
 
Error Message : Object reference not set to an instance of an object.
 
Error Message GetMethod FullName : getAccessMember
 
Error Message GetFileName : UsersController.cs
 
Error Message GetFileLineNumber : 575
 
 
 
======================================== 
 
LogTime : 7:20:32 PM 
Module Name : Core.Models.Helper (GetSession())

Error Source : Dhvani
 
Error Message : Object reference not set to an instance of an object.
 
Error Message GetMethod FullName : get__session
 
Error Message GetFileName : Helper.cs
 
Error Message GetFileLineNumber : 18
 
 
 
======================================== 
 
LogTime : 7:20:32 PM 
Module Name : GyanAkaadamee.Controllers.UsersController (getAccessMember())

Error Source : Dhvani
 
Error Message : Object reference not set to an instance of an object.
 
Error Message GetMethod FullName : getAccessMember
 
Error Message GetFileName : UsersController.cs
 
Error Message GetFileLineNumber : 575
 
 
 
======================================== 
 
LogTime : 7:20:49 PM 
Module Name : DataAccess.Command (Execute this.CommandText: (Pronunciation_SAVE))

Error Source : Core .Net SqlClient Data Provider
 
Error Message : Procedure or function Pronunciation_SAVE has too many arguments specified.
 
 
 
======================================== 
 
LogTime : 7:20:49 PM 
Module Name : DatabaseErrors (SetErrorInformation)

Error Source : System.Private.CoreLib
 
Error Message : Could not find a part of the path 'D:\A_GitHub_Dhvani\Dhvani\DhvaniSolution\Dhvani\bin\Debug\net8.0\xml_Data\DatabaseErrors.xml'.
 
 
 
======================================== 
 
LogTime : 7:20:56 PM 
Module Name : Core.Models.Helper (GetSession())

Error Source : Dhvani
 
Error Message : Object reference not set to an instance of an object.
 
Error Message GetMethod FullName : get__session
 
Error Message GetFileName : Helper.cs
 
Error Message GetFileLineNumber : 18
 
 
 
======================================== 
 
LogTime : 7:20:57 PM 
Module Name : GyanAkaadamee.Controllers.UsersController (getAccessMember())

Error Source : Dhvani
 
Error Message : Object reference not set to an instance of an object.
 
Error Message GetMethod FullName : getAccessMember
 
Error Message GetFileName : UsersController.cs
 
Error Message GetFileLineNumber : 575
 
 
 
======================================== 
 
LogTime : 7:22:19 PM 
Module Name : Core.Models.Helper (GetSession())

Error Source : Dhvani
 
Error Message : Object reference not set to an instance of an object.
 
Error Message GetMethod FullName : get__session
 
Error Message GetFileName : Helper.cs
 
Error Message GetFileLineNumber : 18
 
 
 
======================================== 
 
LogTime : 7:22:20 PM 
Module Name : GyanAkaadamee.Controllers.UsersController (getAccessMember())

Error Source : Dhvani
 
Error Message : Object reference not set to an instance of an object.
 
Error Message GetMethod FullName : getAccessMember
 
Error Message GetFileName : UsersController.cs
 
Error Message GetFileLineNumber : 575
 
 
 
======================================== 
 
LogTime : 7:22:48 PM 
Module Name : Core.Models.Helper (GetSession())

Error Source : Dhvani
 
Error Message : Object reference not set to an instance of an object.
 
Error Message GetMethod FullName : get__session
 
Error Message GetFileName : Helper.cs
 
Error Message GetFileLineNumber : 18
 
 
 
======================================== 
 
LogTime : 7:22:49 PM 
Module Name : GyanAkaadamee.Controllers.UsersController (getAccessMember())

Error Source : Dhvani
 
Error Message : Object reference not set to an instance of an object.
 
Error Message GetMethod FullName : getAccessMember
 
Error Message GetFileName : UsersController.cs
 
Error Message GetFileLineNumber : 575
 
 
 
======================================== 
 
LogTime : 7:23:05 PM 
Module Name : Core.Models.Helper (GetSession())

Error Source : Dhvani
 
Error Message : Object reference not set to an instance of an object.
 
Error Message GetMethod FullName : get__session
 
Error Message GetFileName : Helper.cs
 
Error Message GetFileLineNumber : 18
 
 
 
======================================== 
 
LogTime : 7:23:06 PM 
Module Name : GyanAkaadamee.Controllers.UsersController (getAccessMember())

Error Source : Dhvani
 
Error Message : Object reference not set to an instance of an object.
 
Error Message GetMethod FullName : getAccessMember
 
Error Message GetFileName : UsersController.cs
 
Error Message GetFileLineNumber : 575
 
 
 
======================================== 
 
LogTime : 7:23:45 PM 
Module Name : Core.Models.Helper (GetSession())

Error Source : Dhvani
 
Error Message : Object reference not set to an instance of an object.
 
Error Message GetMethod FullName : get__session
 
Error Message GetFileName : Helper.cs
 
Error Message GetFileLineNumber : 18
 
 
 
======================================== 
 
LogTime : 7:23:46 PM 
Module Name : GyanAkaadamee.Controllers.UsersController (getAccessMember())

Error Source : Dhvani
 
Error Message : Object reference not set to an instance of an object.
 
Error Message GetMethod FullName : getAccessMember
 
Error Message GetFileName : UsersController.cs
 
Error Message GetFileLineNumber : 575
 
 
 
======================================== 
 
LogTime : 7:24:47 PM 
Module Name : Core.Models.Helper (GetSession())

Error Source : Dhvani
 
Error Message : Object reference not set to an instance of an object.
 
Error Message GetMethod FullName : get__session
 
Error Message GetFileName : Helper.cs
 
Error Message GetFileLineNumber : 18
 
 
 
======================================== 
 
LogTime : 7:24:47 PM 
Module Name : GyanAkaadamee.Controllers.UsersController (getAccessMember())

Error Source : Dhvani
 
Error Message : Object reference not set to an instance of an object.
 
Error Message GetMethod FullName : getAccessMember
 
Error Message GetFileName : UsersController.cs
 
Error Message GetFileLineNumber : 575
 
 
 
======================================== 
 
LogTime : 7:28:52 PM 
Module Name : Core.Models.Helper (GetSession())

Error Source : Dhvani
 
Error Message : Object reference not set to an instance of an object.
 
Error Message GetMethod FullName : get__session
 
Error Message GetFileName : Helper.cs
 
Error Message GetFileLineNumber : 18
 
 
 
======================================== 
 
LogTime : 7:28:54 PM 
Module Name : GyanAkaadamee.Controllers.UsersController (getAccessMember())

Error Source : Dhvani
 
Error Message : Object reference not set to an instance of an object.
 
Error Message GetMethod FullName : getAccessMember
 
Error Message GetFileName : UsersController.cs
 
Error Message GetFileLineNumber : 575
 
 
 
======================================== 
 
LogTime : 7:29:07 PM 
Module Name : Core.Models.Helper (GetSession())

Error Source : Dhvani
 
Error Message : Object reference not set to an instance of an object.
 
Error Message GetMethod FullName : get__session
 
Error Message GetFileName : Helper.cs
 
Error Message GetFileLineNumber : 18
 
 
 
======================================== 
 
LogTime : 7:29:08 PM 
Module Name : GyanAkaadamee.Controllers.UsersController (getAccessMember())

Error Source : Dhvani
 
Error Message : Object reference not set to an instance of an object.
 
Error Message GetMethod FullName : getAccessMember
 
Error Message GetFileName : UsersController.cs
 
Error Message GetFileLineNumber : 575
 
 
 
======================================== 
 
LogTime : 7:29:35 PM 
Module Name : Core.Models.Helper (GetSession())

Error Source : Dhvani
 
Error Message : Object reference not set to an instance of an object.
 
Error Message GetMethod FullName : get__session
 
Error Message GetFileName : Helper.cs
 
Error Message GetFileLineNumber : 18
 
 
 
======================================== 
 
LogTime : 7:29:37 PM 
Module Name : GyanAkaadamee.Controllers.UsersController (getAccessMember())

Error Source : Dhvani
 
Error Message : Object reference not set to an instance of an object.
 
Error Message GetMethod FullName : getAccessMember
 
Error Message GetFileName : UsersController.cs
 
Error Message GetFileLineNumber : 575
 
 
 
======================================== 
 
LogTime : 7:30:47 PM 
Module Name : Core.Models.Helper (GetSession())

Error Source : Dhvani
 
Error Message : Object reference not set to an instance of an object.
 
Error Message GetMethod FullName : get__session
 
Error Message GetFileName : Helper.cs
 
Error Message GetFileLineNumber : 18
 
 
 
======================================== 
 
LogTime : 7:30:48 PM 
Module Name : GyanAkaadamee.Controllers.UsersController (getAccessMember())

Error Source : Dhvani
 
Error Message : Object reference not set to an instance of an object.
 
Error Message GetMethod FullName : getAccessMember
 
Error Message GetFileName : UsersController.cs
 
Error Message GetFileLineNumber : 575
 
 
 
======================================== 
 
LogTime : 7:31:07 PM 
Module Name : Core.Models.Helper (GetSession())

Error Source : Dhvani
 
Error Message : Object reference not set to an instance of an object.
 
Error Message GetMethod FullName : get__session
 
Error Message GetFileName : Helper.cs
 
Error Message GetFileLineNumber : 18
 
 
 
======================================== 
 
LogTime : 7:31:08 PM 
Module Name : GyanAkaadamee.Controllers.UsersController (getAccessMember())

Error Source : Dhvani
 
Error Message : Object reference not set to an instance of an object.
 
Error Message GetMethod FullName : getAccessMember
 
Error Message GetFileName : UsersController.cs
 
Error Message GetFileLineNumber : 575
 
 
 
======================================== 
 
LogTime : 7:31:24 PM 
Module Name : Core.Models.Helper (GetSession())

Error Source : Dhvani
 
Error Message : Object reference not set to an instance of an object.
 
Error Message GetMethod FullName : get__session
 
Error Message GetFileName : Helper.cs
 
Error Message GetFileLineNumber : 18
 
 
 
======================================== 
 
LogTime : 7:31:25 PM 
Module Name : GyanAkaadamee.Controllers.UsersController (getAccessMember())

Error Source : Dhvani
 
Error Message : Object reference not set to an instance of an object.
 
Error Message GetMethod FullName : getAccessMember
 
Error Message GetFileName : UsersController.cs
 
Error Message GetFileLineNumber : 575
 
 
 
======================================== 
 
